<?xml version="1.0" encoding="UTF-8"?>
<testng-results ignored="0" total="1" passed="1" failed="0" skipped="0">
  <reporter-output>
  </reporter-output>
  <suite started-at="2020-02-18T11:06:37Z" name="InetBanking_V1_HybridFrameWork" finished-at="2020-02-18T11:06:57Z" duration-ms="20111">
    <groups>
    </groups>
    <test started-at="2020-02-18T11:06:37Z" name="BankingApp Test" finished-at="2020-02-18T11:06:57Z" duration-ms="20111">
      <class name="com.inetbanking.testCases.TC_LoginTest_001">
        <test-method is-config="true" signature="setup(java.lang.String)[pri:0, instance:com.inetbanking.testCases.TC_LoginTest_001@26275bef]" started-at="2020-02-18T11:06:37Z" name="setup" finished-at="2020-02-18T11:06:49Z" duration-ms="12264" status="PASS">
          <params>
            <param index="0">
              <value>
                <![CDATA[chrome]]>
              </value>
            </param>
          </params>
          <reporter-output>
          </reporter-output>
        </test-method> <!-- setup -->
        <test-method signature="loginTest()[pri:0, instance:com.inetbanking.testCases.TC_LoginTest_001@26275bef]" started-at="2020-02-18T11:06:49Z" name="loginTest" finished-at="2020-02-18T11:06:56Z" duration-ms="7076" status="PASS">
          <reporter-output>
          </reporter-output>
        </test-method> <!-- loginTest -->
        <test-method is-config="true" signature="tearDown()[pri:0, instance:com.inetbanking.testCases.TC_LoginTest_001@26275bef]" started-at="2020-02-18T11:06:56Z" name="tearDown" finished-at="2020-02-18T11:06:57Z" duration-ms="601" status="PASS">
          <reporter-output>
          </reporter-output>
        </test-method> <!-- tearDown -->
      </class> <!-- com.inetbanking.testCases.TC_LoginTest_001 -->
    </test> <!-- BankingApp Test -->
  </suite> <!-- InetBanking_V1_HybridFrameWork -->
</testng-results>
